#! /usr/bin/vvp
:ivl_version "10.3 (stable)";
:ivl_delay_selection "TYPICAL";
:vpi_time_precision - 1;
:vpi_module "system";
:vpi_module "vhdl_sys";
:vpi_module "v2005_math";
:vpi_module "va_math";
S_0x55ae3bc6cd10 .scope module, "sum_tb" "sum_tb" 2 4;
 .timescale 0 -1;
RS_0x7f6180acd7e8 .resolv tri, L_0x55ae3bcb4540, L_0x55ae3bcb5940, L_0x55ae3bcb6670, L_0x55ae3bcb7380, L_0x55ae3bcb98f0, L_0x55ae3bcbaa50, L_0x55ae3bcbbd20, L_0x55ae3bcbce10;
v0x55ae3bcb0f60_0 .net8 "g", 5 0, RS_0x7f6180acd7e8;  8 drivers
v0x55ae3bcb1040_0 .net "h", 5 0, L_0x55ae3bcb52e0;  1 drivers
RS_0x7f6180acd848 .resolv tri, L_0x55ae3bcb4b70, L_0x55ae3bcb6090, L_0x55ae3bcb6e90, L_0x55ae3bcb7c00, L_0x55ae3bcba290, L_0x55ae3bcbb450, L_0x55ae3bcbc7f0, L_0x55ae3bcbd900;
v0x55ae3bcb1110_0 .net8 "p", 5 0, RS_0x7f6180acd848;  8 drivers
v0x55ae3bcb1210_0 .net "s", 6 0, L_0x55ae3bcbe380;  1 drivers
v0x55ae3bcb12e0_0 .var "x", 5 0;
v0x55ae3bcb1380_0 .var "y", 5 0;
S_0x55ae3bc6ce90 .scope module, "isum" "sum" 2 12, 3 1 0, S_0x55ae3bc6cd10;
 .timescale 0 -1;
    .port_info 0 /INPUT 6 "x"
    .port_info 1 /INPUT 6 "y"
    .port_info 2 /INOUT 6 "g"
    .port_info 3 /INOUT 6 "p"
    .port_info 4 /INOUT 6 "h"
    .port_info 5 /OUTPUT 7 "s"
L_0x55ae3bcba020 .functor AND 1, L_0x55ae3bcb9c80, L_0x55ae3bcb9d20, C4<1>, C4<1>;
L_0x55ae3bcba130 .functor OR 1, L_0x55ae3bcb9990, L_0x55ae3bcba020, C4<0>, C4<0>;
L_0x55ae3bcba8f0 .functor AND 1, L_0x55ae3bcba540, L_0x55ae3bcba850, C4<1>, C4<1>;
L_0x55ae3bcbb1e0 .functor AND 1, L_0x55ae3bcbae10, L_0x55ae3bcbb140, C4<1>, C4<1>;
L_0x55ae3bcbb2f0 .functor OR 1, L_0x55ae3bcbad70, L_0x55ae3bcbb1e0, C4<0>, C4<0>;
L_0x55ae3bcbbb80 .functor AND 1, L_0x55ae3bcbb790, L_0x55ae3bcbb830, C4<1>, C4<1>;
L_0x55ae3bcbc530 .functor AND 1, L_0x55ae3bcbc120, L_0x55ae3bcbc1c0, C4<1>, C4<1>;
L_0x55ae3bcbc640 .functor OR 1, L_0x55ae3bcbbdc0, L_0x55ae3bcbc530, C4<0>, C4<0>;
L_0x55ae3bcbccb0 .functor AND 1, L_0x55ae3bcbc890, L_0x55ae3bcbcc10, C4<1>, C4<1>;
L_0x55ae3bcbd680 .functor AND 1, L_0x55ae3bcbd240, L_0x55ae3bcbd5e0, C4<1>, C4<1>;
L_0x55ae3bcbd7f0 .functor OR 1, L_0x55ae3bcbd1a0, L_0x55ae3bcbd680, C4<0>, C4<0>;
L_0x55ae3bcbe110 .functor AND 1, L_0x55ae3bcbdcb0, L_0x55ae3bcbdd50, C4<1>, C4<1>;
v0x55ae3bcae880_0 .net *"_s125", 0 0, L_0x55ae3bcb9990;  1 drivers
v0x55ae3bcae980_0 .net *"_s127", 0 0, L_0x55ae3bcb9c80;  1 drivers
v0x55ae3bcaea60_0 .net *"_s129", 0 0, L_0x55ae3bcb9d20;  1 drivers
v0x55ae3bcaeb50_0 .net *"_s130", 0 0, L_0x55ae3bcba020;  1 drivers
v0x55ae3bcaec30_0 .net *"_s132", 0 0, L_0x55ae3bcba130;  1 drivers
v0x55ae3bcaed60_0 .net *"_s137", 0 0, L_0x55ae3bcba540;  1 drivers
v0x55ae3bcaee40_0 .net *"_s139", 0 0, L_0x55ae3bcba850;  1 drivers
v0x55ae3bcaef20_0 .net *"_s140", 0 0, L_0x55ae3bcba8f0;  1 drivers
v0x55ae3bcaf000_0 .net *"_s145", 0 0, L_0x55ae3bcbad70;  1 drivers
v0x55ae3bcaf170_0 .net *"_s147", 0 0, L_0x55ae3bcbae10;  1 drivers
v0x55ae3bcaf250_0 .net *"_s149", 0 0, L_0x55ae3bcbb140;  1 drivers
v0x55ae3bcaf330_0 .net *"_s150", 0 0, L_0x55ae3bcbb1e0;  1 drivers
v0x55ae3bcaf410_0 .net *"_s152", 0 0, L_0x55ae3bcbb2f0;  1 drivers
v0x55ae3bcaf4f0_0 .net *"_s157", 0 0, L_0x55ae3bcbb790;  1 drivers
v0x55ae3bcaf5d0_0 .net *"_s159", 0 0, L_0x55ae3bcbb830;  1 drivers
v0x55ae3bcaf6b0_0 .net *"_s160", 0 0, L_0x55ae3bcbbb80;  1 drivers
v0x55ae3bcaf790_0 .net *"_s165", 0 0, L_0x55ae3bcbbdc0;  1 drivers
v0x55ae3bcaf870_0 .net *"_s167", 0 0, L_0x55ae3bcbc120;  1 drivers
v0x55ae3bcaf950_0 .net *"_s169", 0 0, L_0x55ae3bcbc1c0;  1 drivers
v0x55ae3bcafa30_0 .net *"_s170", 0 0, L_0x55ae3bcbc530;  1 drivers
v0x55ae3bcafb10_0 .net *"_s172", 0 0, L_0x55ae3bcbc640;  1 drivers
v0x55ae3bcafbf0_0 .net *"_s177", 0 0, L_0x55ae3bcbc890;  1 drivers
v0x55ae3bcafcd0_0 .net *"_s179", 0 0, L_0x55ae3bcbcc10;  1 drivers
v0x55ae3bcafdb0_0 .net *"_s180", 0 0, L_0x55ae3bcbccb0;  1 drivers
v0x55ae3bcafe90_0 .net *"_s185", 0 0, L_0x55ae3bcbd1a0;  1 drivers
v0x55ae3bcaff70_0 .net *"_s187", 0 0, L_0x55ae3bcbd240;  1 drivers
v0x55ae3bcb0050_0 .net *"_s189", 0 0, L_0x55ae3bcbd5e0;  1 drivers
v0x55ae3bcb0130_0 .net *"_s190", 0 0, L_0x55ae3bcbd680;  1 drivers
v0x55ae3bcb0210_0 .net *"_s192", 0 0, L_0x55ae3bcbd7f0;  1 drivers
v0x55ae3bcb02f0_0 .net *"_s197", 0 0, L_0x55ae3bcbdcb0;  1 drivers
v0x55ae3bcb03d0_0 .net *"_s199", 0 0, L_0x55ae3bcbdd50;  1 drivers
v0x55ae3bcb04b0_0 .net *"_s200", 0 0, L_0x55ae3bcbe110;  1 drivers
v0x55ae3bcb0590_0 .net *"_s205", 0 0, L_0x55ae3bcbe2e0;  1 drivers
v0x55ae3bcb0880_0 .net *"_s210", 0 0, L_0x55ae3bcbe9d0;  1 drivers
v0x55ae3bcb0960_0 .net8 "g", 5 0, RS_0x7f6180acd7e8;  alias, 8 drivers
v0x55ae3bcb0a40_0 .net "h", 5 0, L_0x55ae3bcb52e0;  alias, 1 drivers
v0x55ae3bcb0b20_0 .net8 "p", 5 0, RS_0x7f6180acd848;  alias, 8 drivers
v0x55ae3bcb0c00_0 .net "s", 6 0, L_0x55ae3bcbe380;  alias, 1 drivers
v0x55ae3bcb0ce0_0 .net "x", 5 0, v0x55ae3bcb12e0_0;  1 drivers
v0x55ae3bcb0dc0_0 .net "y", 5 0, v0x55ae3bcb1380_0;  1 drivers
L_0x55ae3bcb1450 .part v0x55ae3bcb12e0_0, 0, 1;
L_0x55ae3bcb1570 .part v0x55ae3bcb1380_0, 0, 1;
L_0x55ae3bcb1770 .part v0x55ae3bcb12e0_0, 0, 1;
L_0x55ae3bcb1810 .part v0x55ae3bcb1380_0, 0, 1;
L_0x55ae3bcb1a20 .part v0x55ae3bcb12e0_0, 0, 1;
L_0x55ae3bcb1ac0 .part v0x55ae3bcb1380_0, 0, 1;
L_0x55ae3bcb1ca0 .part v0x55ae3bcb12e0_0, 1, 1;
L_0x55ae3bcb1d40 .part v0x55ae3bcb1380_0, 1, 1;
L_0x55ae3bcb1f70 .part v0x55ae3bcb12e0_0, 1, 1;
L_0x55ae3bcb2010 .part v0x55ae3bcb1380_0, 1, 1;
L_0x55ae3bcb2200 .part v0x55ae3bcb12e0_0, 1, 1;
L_0x55ae3bcb22a0 .part v0x55ae3bcb1380_0, 1, 1;
L_0x55ae3bcb24f0 .part v0x55ae3bcb12e0_0, 2, 1;
L_0x55ae3bcb2590 .part v0x55ae3bcb1380_0, 2, 1;
L_0x55ae3bcb2780 .part v0x55ae3bcb12e0_0, 2, 1;
L_0x55ae3bcb2820 .part v0x55ae3bcb1380_0, 2, 1;
L_0x55ae3bcb2a90 .part v0x55ae3bcb12e0_0, 2, 1;
L_0x55ae3bcb2b30 .part v0x55ae3bcb1380_0, 2, 1;
L_0x55ae3bcb2db0 .part v0x55ae3bcb12e0_0, 3, 1;
L_0x55ae3bcb2e50 .part v0x55ae3bcb1380_0, 3, 1;
L_0x55ae3bcb2bd0 .part v0x55ae3bcb12e0_0, 3, 1;
L_0x55ae3bcb30e0 .part v0x55ae3bcb1380_0, 3, 1;
L_0x55ae3bcb3380 .part v0x55ae3bcb12e0_0, 3, 1;
L_0x55ae3bcb3420 .part v0x55ae3bcb1380_0, 3, 1;
L_0x55ae3bcb36d0 .part v0x55ae3bcb12e0_0, 4, 1;
L_0x55ae3bcb3770 .part v0x55ae3bcb1380_0, 4, 1;
L_0x55ae3bcb3a30 .part v0x55ae3bcb12e0_0, 4, 1;
L_0x55ae3bcb3ad0 .part v0x55ae3bcb1380_0, 4, 1;
L_0x55ae3bcb3da0 .part v0x55ae3bcb12e0_0, 4, 1;
L_0x55ae3bcb4050 .part v0x55ae3bcb1380_0, 4, 1;
LS_0x55ae3bcb4540_0_0 .concat8 [ 1 1 1 1], L_0x55ae3bcb1660, L_0x55ae3bcb1e30, L_0x55ae3bcb2340, L_0x55ae3bcb2fa0;
LS_0x55ae3bcb4540_0_4 .concat8 [ 1 1 0 0], L_0x55ae3bcb38f0, L_0x55ae3bcb4a10;
L_0x55ae3bcb4540 .concat8 [ 4 2 0 0], LS_0x55ae3bcb4540_0_0, LS_0x55ae3bcb4540_0_4;
L_0x55ae3bcb47c0 .part v0x55ae3bcb12e0_0, 5, 1;
L_0x55ae3bcb4970 .part v0x55ae3bcb1380_0, 5, 1;
LS_0x55ae3bcb4b70_0_0 .concat8 [ 1 1 1 1], L_0x55ae3bcb18e0, L_0x55ae3bcb2110, L_0x55ae3bcb2950, L_0x55ae3bcb3240;
LS_0x55ae3bcb4b70_0_4 .concat8 [ 1 1 0 0], L_0x55ae3bcb3c60, L_0x55ae3bcb5180;
L_0x55ae3bcb4b70 .concat8 [ 4 2 0 0], LS_0x55ae3bcb4b70_0_0, LS_0x55ae3bcb4b70_0_4;
L_0x55ae3bcb4f10 .part v0x55ae3bcb12e0_0, 5, 1;
L_0x55ae3bcb4fb0 .part v0x55ae3bcb1380_0, 5, 1;
LS_0x55ae3bcb52e0_0_0 .concat8 [ 1 1 1 1], L_0x55ae3bcb1c30, L_0x55ae3bcb23b0, L_0x55ae3bcb2c70, L_0x55ae3bcb3590;
LS_0x55ae3bcb52e0_0_4 .concat8 [ 1 1 0 0], L_0x55ae3bcb4400, L_0x55ae3bcb57e0;
L_0x55ae3bcb52e0 .concat8 [ 4 2 0 0], LS_0x55ae3bcb52e0_0_0, LS_0x55ae3bcb52e0_0_4;
L_0x55ae3bcb5560 .part v0x55ae3bcb12e0_0, 5, 1;
L_0x55ae3bcb5740 .part v0x55ae3bcb1380_0, 5, 1;
L_0x55ae3bcb5940 .part/pv L_0x55ae3bcb5f30, 1, 1, 6;
L_0x55ae3bcb5b30 .part RS_0x7f6180acd7e8, 1, 1;
L_0x55ae3bcb5bd0 .part RS_0x7f6180acd848, 1, 1;
L_0x55ae3bcb5dd0 .part RS_0x7f6180acd7e8, 0, 1;
L_0x55ae3bcb6090 .part/pv L_0x55ae3bcb6560, 1, 1, 6;
L_0x55ae3bcb62a0 .part RS_0x7f6180acd848, 1, 1;
L_0x55ae3bcb6340 .part RS_0x7f6180acd848, 0, 1;
L_0x55ae3bcb6670 .part/pv L_0x55ae3bcb6d30, 3, 1, 6;
L_0x55ae3bcb6710 .part RS_0x7f6180acd7e8, 3, 1;
L_0x55ae3bcb6940 .part RS_0x7f6180acd848, 3, 1;
L_0x55ae3bcb69e0 .part RS_0x7f6180acd7e8, 2, 1;
L_0x55ae3bcb6e90 .part/pv L_0x55ae3bcb7220, 3, 1, 6;
L_0x55ae3bcb6f30 .part RS_0x7f6180acd848, 3, 1;
L_0x55ae3bcb7180 .part RS_0x7f6180acd848, 2, 1;
L_0x55ae3bcb7380 .part/pv L_0x55ae3bcb7aa0, 5, 1, 6;
L_0x55ae3bcb75e0 .part RS_0x7f6180acd7e8, 5, 1;
L_0x55ae3bcb7680 .part RS_0x7f6180acd848, 5, 1;
L_0x55ae3bcb78f0 .part RS_0x7f6180acd7e8, 4, 1;
L_0x55ae3bcb7c00 .part/pv L_0x55ae3bcb81b0, 5, 1, 6;
L_0x55ae3bcb7e80 .part RS_0x7f6180acd848, 5, 1;
L_0x55ae3bcb7f20 .part RS_0x7f6180acd848, 4, 1;
L_0x55ae3bcb8310 .part RS_0x7f6180acd7e8, 0, 1;
L_0x55ae3bcb83b0 .part L_0x55ae3bcb52e0, 1, 1;
L_0x55ae3bcb8760 .part RS_0x7f6180acd7e8, 1, 1;
L_0x55ae3bcb8800 .part L_0x55ae3bcb52e0, 2, 1;
L_0x55ae3bcb8b70 .part RS_0x7f6180acd7e8, 2, 1;
L_0x55ae3bcb8c10 .part L_0x55ae3bcb52e0, 3, 1;
L_0x55ae3bcb8fe0 .part RS_0x7f6180acd7e8, 3, 1;
L_0x55ae3bcb9080 .part L_0x55ae3bcb52e0, 4, 1;
L_0x55ae3bcb9460 .part RS_0x7f6180acd7e8, 4, 1;
L_0x55ae3bcb9500 .part L_0x55ae3bcb52e0, 5, 1;
L_0x55ae3bcb98f0 .part/pv L_0x55ae3bcba130, 2, 1, 6;
L_0x55ae3bcb9990 .part RS_0x7f6180acd7e8, 2, 1;
L_0x55ae3bcb9c80 .part RS_0x7f6180acd848, 2, 1;
L_0x55ae3bcb9d20 .part RS_0x7f6180acd7e8, 1, 1;
L_0x55ae3bcba290 .part/pv L_0x55ae3bcba8f0, 2, 1, 6;
L_0x55ae3bcba540 .part RS_0x7f6180acd848, 2, 1;
L_0x55ae3bcba850 .part RS_0x7f6180acd848, 1, 1;
L_0x55ae3bcbaa50 .part/pv L_0x55ae3bcbb2f0, 3, 1, 6;
L_0x55ae3bcbad70 .part RS_0x7f6180acd7e8, 3, 1;
L_0x55ae3bcbae10 .part RS_0x7f6180acd848, 3, 1;
L_0x55ae3bcbb140 .part RS_0x7f6180acd7e8, 2, 1;
L_0x55ae3bcbb450 .part/pv L_0x55ae3bcbbb80, 3, 1, 6;
L_0x55ae3bcbb790 .part RS_0x7f6180acd848, 3, 1;
L_0x55ae3bcbb830 .part RS_0x7f6180acd848, 2, 1;
L_0x55ae3bcbbd20 .part/pv L_0x55ae3bcbc640, 4, 1, 6;
L_0x55ae3bcbbdc0 .part RS_0x7f6180acd7e8, 4, 1;
L_0x55ae3bcbc120 .part RS_0x7f6180acd848, 4, 1;
L_0x55ae3bcbc1c0 .part RS_0x7f6180acd7e8, 3, 1;
L_0x55ae3bcbc7f0 .part/pv L_0x55ae3bcbccb0, 4, 1, 6;
L_0x55ae3bcbc890 .part RS_0x7f6180acd848, 4, 1;
L_0x55ae3bcbcc10 .part RS_0x7f6180acd848, 3, 1;
L_0x55ae3bcbce10 .part/pv L_0x55ae3bcbd7f0, 5, 1, 6;
L_0x55ae3bcbd1a0 .part RS_0x7f6180acd7e8, 5, 1;
L_0x55ae3bcbd240 .part RS_0x7f6180acd848, 5, 1;
L_0x55ae3bcbd5e0 .part RS_0x7f6180acd7e8, 4, 1;
L_0x55ae3bcbd900 .part/pv L_0x55ae3bcbe110, 5, 1, 6;
L_0x55ae3bcbdcb0 .part RS_0x7f6180acd848, 5, 1;
L_0x55ae3bcbdd50 .part RS_0x7f6180acd848, 4, 1;
L_0x55ae3bcbe2e0 .part L_0x55ae3bcb52e0, 0, 1;
LS_0x55ae3bcbe380_0_0 .concat8 [ 1 1 1 1], L_0x55ae3bcbe2e0, L_0x55ae3bcb8650, L_0x55ae3bcb8ab0, L_0x55ae3bcb8ed0;
LS_0x55ae3bcbe380_0_4 .concat8 [ 1 1 1 0], L_0x55ae3bcb9350, L_0x55ae3bcb97e0, L_0x55ae3bcbe9d0;
L_0x55ae3bcbe380 .concat8 [ 4 3 0 0], LS_0x55ae3bcbe380_0_0, LS_0x55ae3bcbe380_0_4;
L_0x55ae3bcbe9d0 .part RS_0x7f6180acd7e8, 5, 1;
S_0x55ae3bc2f0b0 .scope generate, "genblk1[0]" "genblk1[0]" 3 11, 3 11 0, S_0x55ae3bc6ce90;
 .timescale 0 -1;
P_0x55ae3bc2f280 .param/l "i" 0 3 11, +C4<00>;
L_0x55ae3bcb1660 .functor AND 1, L_0x55ae3bcb1450, L_0x55ae3bcb1570, C4<1>, C4<1>;
L_0x55ae3bcb18e0 .functor OR 1, L_0x55ae3bcb1770, L_0x55ae3bcb1810, C4<0>, C4<0>;
L_0x55ae3bcb1c30 .functor XOR 1, L_0x55ae3bcb1a20, L_0x55ae3bcb1ac0, C4<0>, C4<0>;
v0x55ae3bc78db0_0 .net *"_s0", 0 0, L_0x55ae3bcb1450;  1 drivers
v0x55ae3bc77f80_0 .net *"_s1", 0 0, L_0x55ae3bcb1570;  1 drivers
v0x55ae3bc77120_0 .net *"_s10", 0 0, L_0x55ae3bcb1c30;  1 drivers
v0x55ae3bc85610_0 .net *"_s2", 0 0, L_0x55ae3bcb1660;  1 drivers
v0x55ae3bca7500_0 .net *"_s4", 0 0, L_0x55ae3bcb1770;  1 drivers
v0x55ae3bca7630_0 .net *"_s5", 0 0, L_0x55ae3bcb1810;  1 drivers
v0x55ae3bca7710_0 .net *"_s6", 0 0, L_0x55ae3bcb18e0;  1 drivers
v0x55ae3bca77f0_0 .net *"_s8", 0 0, L_0x55ae3bcb1a20;  1 drivers
v0x55ae3bca78d0_0 .net *"_s9", 0 0, L_0x55ae3bcb1ac0;  1 drivers
S_0x55ae3bca79b0 .scope generate, "genblk1[1]" "genblk1[1]" 3 11, 3 11 0, S_0x55ae3bc6ce90;
 .timescale 0 -1;
P_0x55ae3bca7b70 .param/l "i" 0 3 11, +C4<01>;
L_0x55ae3bcb1e30 .functor AND 1, L_0x55ae3bcb1ca0, L_0x55ae3bcb1d40, C4<1>, C4<1>;
L_0x55ae3bcb2110 .functor OR 1, L_0x55ae3bcb1f70, L_0x55ae3bcb2010, C4<0>, C4<0>;
L_0x55ae3bcb23b0 .functor XOR 1, L_0x55ae3bcb2200, L_0x55ae3bcb22a0, C4<0>, C4<0>;
v0x55ae3bca7c30_0 .net *"_s0", 0 0, L_0x55ae3bcb1ca0;  1 drivers
v0x55ae3bca7d10_0 .net *"_s1", 0 0, L_0x55ae3bcb1d40;  1 drivers
v0x55ae3bca7df0_0 .net *"_s10", 0 0, L_0x55ae3bcb23b0;  1 drivers
v0x55ae3bca7eb0_0 .net *"_s2", 0 0, L_0x55ae3bcb1e30;  1 drivers
v0x55ae3bca7f90_0 .net *"_s4", 0 0, L_0x55ae3bcb1f70;  1 drivers
v0x55ae3bca80c0_0 .net *"_s5", 0 0, L_0x55ae3bcb2010;  1 drivers
v0x55ae3bca81a0_0 .net *"_s6", 0 0, L_0x55ae3bcb2110;  1 drivers
v0x55ae3bca8280_0 .net *"_s8", 0 0, L_0x55ae3bcb2200;  1 drivers
v0x55ae3bca8360_0 .net *"_s9", 0 0, L_0x55ae3bcb22a0;  1 drivers
S_0x55ae3bca8440 .scope generate, "genblk1[2]" "genblk1[2]" 3 11, 3 11 0, S_0x55ae3bc6ce90;
 .timescale 0 -1;
P_0x55ae3bca85e0 .param/l "i" 0 3 11, +C4<010>;
L_0x55ae3bcb2340 .functor AND 1, L_0x55ae3bcb24f0, L_0x55ae3bcb2590, C4<1>, C4<1>;
L_0x55ae3bcb2950 .functor OR 1, L_0x55ae3bcb2780, L_0x55ae3bcb2820, C4<0>, C4<0>;
L_0x55ae3bcb2c70 .functor XOR 1, L_0x55ae3bcb2a90, L_0x55ae3bcb2b30, C4<0>, C4<0>;
v0x55ae3bca86a0_0 .net *"_s0", 0 0, L_0x55ae3bcb24f0;  1 drivers
v0x55ae3bca8780_0 .net *"_s1", 0 0, L_0x55ae3bcb2590;  1 drivers
v0x55ae3bca8860_0 .net *"_s10", 0 0, L_0x55ae3bcb2c70;  1 drivers
v0x55ae3bca8950_0 .net *"_s2", 0 0, L_0x55ae3bcb2340;  1 drivers
v0x55ae3bca8a30_0 .net *"_s4", 0 0, L_0x55ae3bcb2780;  1 drivers
v0x55ae3bca8b60_0 .net *"_s5", 0 0, L_0x55ae3bcb2820;  1 drivers
v0x55ae3bca8c40_0 .net *"_s6", 0 0, L_0x55ae3bcb2950;  1 drivers
v0x55ae3bca8d20_0 .net *"_s8", 0 0, L_0x55ae3bcb2a90;  1 drivers
v0x55ae3bca8e00_0 .net *"_s9", 0 0, L_0x55ae3bcb2b30;  1 drivers
S_0x55ae3bca8ee0 .scope generate, "genblk1[3]" "genblk1[3]" 3 11, 3 11 0, S_0x55ae3bc6ce90;
 .timescale 0 -1;
P_0x55ae3bca9080 .param/l "i" 0 3 11, +C4<011>;
L_0x55ae3bcb2fa0 .functor AND 1, L_0x55ae3bcb2db0, L_0x55ae3bcb2e50, C4<1>, C4<1>;
L_0x55ae3bcb3240 .functor OR 1, L_0x55ae3bcb2bd0, L_0x55ae3bcb30e0, C4<0>, C4<0>;
L_0x55ae3bcb3590 .functor XOR 1, L_0x55ae3bcb3380, L_0x55ae3bcb3420, C4<0>, C4<0>;
v0x55ae3bca9160_0 .net *"_s0", 0 0, L_0x55ae3bcb2db0;  1 drivers
v0x55ae3bca9240_0 .net *"_s1", 0 0, L_0x55ae3bcb2e50;  1 drivers
v0x55ae3bca9320_0 .net *"_s10", 0 0, L_0x55ae3bcb3590;  1 drivers
v0x55ae3bca93e0_0 .net *"_s2", 0 0, L_0x55ae3bcb2fa0;  1 drivers
v0x55ae3bca94c0_0 .net *"_s4", 0 0, L_0x55ae3bcb2bd0;  1 drivers
v0x55ae3bca95f0_0 .net *"_s5", 0 0, L_0x55ae3bcb30e0;  1 drivers
v0x55ae3bca96d0_0 .net *"_s6", 0 0, L_0x55ae3bcb3240;  1 drivers
v0x55ae3bca97b0_0 .net *"_s8", 0 0, L_0x55ae3bcb3380;  1 drivers
v0x55ae3bca9890_0 .net *"_s9", 0 0, L_0x55ae3bcb3420;  1 drivers
S_0x55ae3bca9970 .scope generate, "genblk1[4]" "genblk1[4]" 3 11, 3 11 0, S_0x55ae3bc6ce90;
 .timescale 0 -1;
P_0x55ae3bca9b60 .param/l "i" 0 3 11, +C4<0100>;
L_0x55ae3bcb38f0 .functor AND 1, L_0x55ae3bcb36d0, L_0x55ae3bcb3770, C4<1>, C4<1>;
L_0x55ae3bcb3c60 .functor OR 1, L_0x55ae3bcb3a30, L_0x55ae3bcb3ad0, C4<0>, C4<0>;
L_0x55ae3bcb4400 .functor XOR 1, L_0x55ae3bcb3da0, L_0x55ae3bcb4050, C4<0>, C4<0>;
v0x55ae3bca9c40_0 .net *"_s0", 0 0, L_0x55ae3bcb36d0;  1 drivers
v0x55ae3bca9d20_0 .net *"_s1", 0 0, L_0x55ae3bcb3770;  1 drivers
v0x55ae3bca9e00_0 .net *"_s10", 0 0, L_0x55ae3bcb4400;  1 drivers
v0x55ae3bca9ec0_0 .net *"_s2", 0 0, L_0x55ae3bcb38f0;  1 drivers
v0x55ae3bca9fa0_0 .net *"_s4", 0 0, L_0x55ae3bcb3a30;  1 drivers
v0x55ae3bcaa0d0_0 .net *"_s5", 0 0, L_0x55ae3bcb3ad0;  1 drivers
v0x55ae3bcaa1b0_0 .net *"_s6", 0 0, L_0x55ae3bcb3c60;  1 drivers
v0x55ae3bcaa290_0 .net *"_s8", 0 0, L_0x55ae3bcb3da0;  1 drivers
v0x55ae3bcaa370_0 .net *"_s9", 0 0, L_0x55ae3bcb4050;  1 drivers
S_0x55ae3bcaa450 .scope generate, "genblk1[5]" "genblk1[5]" 3 11, 3 11 0, S_0x55ae3bc6ce90;
 .timescale 0 -1;
P_0x55ae3bcaa5f0 .param/l "i" 0 3 11, +C4<0101>;
L_0x55ae3bcb4a10 .functor AND 1, L_0x55ae3bcb47c0, L_0x55ae3bcb4970, C4<1>, C4<1>;
L_0x55ae3bcb5180 .functor OR 1, L_0x55ae3bcb4f10, L_0x55ae3bcb4fb0, C4<0>, C4<0>;
L_0x55ae3bcb57e0 .functor XOR 1, L_0x55ae3bcb5560, L_0x55ae3bcb5740, C4<0>, C4<0>;
v0x55ae3bcaa6d0_0 .net *"_s0", 0 0, L_0x55ae3bcb47c0;  1 drivers
v0x55ae3bcaa7b0_0 .net *"_s1", 0 0, L_0x55ae3bcb4970;  1 drivers
v0x55ae3bcaa890_0 .net *"_s10", 0 0, L_0x55ae3bcb57e0;  1 drivers
v0x55ae3bcaa950_0 .net *"_s2", 0 0, L_0x55ae3bcb4a10;  1 drivers
v0x55ae3bcaaa30_0 .net *"_s4", 0 0, L_0x55ae3bcb4f10;  1 drivers
v0x55ae3bcaab60_0 .net *"_s5", 0 0, L_0x55ae3bcb4fb0;  1 drivers
v0x55ae3bcaac40_0 .net *"_s6", 0 0, L_0x55ae3bcb5180;  1 drivers
v0x55ae3bcaad20_0 .net *"_s8", 0 0, L_0x55ae3bcb5560;  1 drivers
v0x55ae3bcaae00_0 .net *"_s9", 0 0, L_0x55ae3bcb5740;  1 drivers
S_0x55ae3bcaaf70 .scope generate, "genblk2[1]" "genblk2[1]" 3 17, 3 17 0, S_0x55ae3bc6ce90;
 .timescale 0 -1;
P_0x55ae3bcab110 .param/l "i" 0 3 17, +C4<01>;
L_0x55ae3bcb5e70 .functor AND 1, L_0x55ae3bcb5bd0, L_0x55ae3bcb5dd0, C4<1>, C4<1>;
L_0x55ae3bcb5f30 .functor OR 1, L_0x55ae3bcb5b30, L_0x55ae3bcb5e70, C4<0>, C4<0>;
L_0x55ae3bcb6560 .functor AND 1, L_0x55ae3bcb62a0, L_0x55ae3bcb6340, C4<1>, C4<1>;
v0x55ae3bcab1f0_0 .net *"_s0", 0 0, L_0x55ae3bcb5b30;  1 drivers
v0x55ae3bcab2d0_0 .net *"_s1", 0 0, L_0x55ae3bcb5bd0;  1 drivers
v0x55ae3bcab3b0_0 .net *"_s2", 0 0, L_0x55ae3bcb5dd0;  1 drivers
v0x55ae3bcab470_0 .net *"_s3", 0 0, L_0x55ae3bcb5e70;  1 drivers
v0x55ae3bcab550_0 .net *"_s5", 0 0, L_0x55ae3bcb5f30;  1 drivers
v0x55ae3bcab680_0 .net *"_s7", 0 0, L_0x55ae3bcb62a0;  1 drivers
v0x55ae3bcab760_0 .net *"_s8", 0 0, L_0x55ae3bcb6340;  1 drivers
v0x55ae3bcab840_0 .net *"_s9", 0 0, L_0x55ae3bcb6560;  1 drivers
S_0x55ae3bcab920 .scope generate, "genblk2[3]" "genblk2[3]" 3 17, 3 17 0, S_0x55ae3bc6ce90;
 .timescale 0 -1;
P_0x55ae3bcabb10 .param/l "i" 0 3 17, +C4<011>;
L_0x55ae3bcb6c20 .functor AND 1, L_0x55ae3bcb6940, L_0x55ae3bcb69e0, C4<1>, C4<1>;
L_0x55ae3bcb6d30 .functor OR 1, L_0x55ae3bcb6710, L_0x55ae3bcb6c20, C4<0>, C4<0>;
L_0x55ae3bcb7220 .functor AND 1, L_0x55ae3bcb6f30, L_0x55ae3bcb7180, C4<1>, C4<1>;
v0x55ae3bcabbf0_0 .net *"_s0", 0 0, L_0x55ae3bcb6710;  1 drivers
v0x55ae3bcabcd0_0 .net *"_s1", 0 0, L_0x55ae3bcb6940;  1 drivers
v0x55ae3bcabdb0_0 .net *"_s2", 0 0, L_0x55ae3bcb69e0;  1 drivers
v0x55ae3bcabe70_0 .net *"_s3", 0 0, L_0x55ae3bcb6c20;  1 drivers
v0x55ae3bcabf50_0 .net *"_s5", 0 0, L_0x55ae3bcb6d30;  1 drivers
v0x55ae3bcac080_0 .net *"_s7", 0 0, L_0x55ae3bcb6f30;  1 drivers
v0x55ae3bcac160_0 .net *"_s8", 0 0, L_0x55ae3bcb7180;  1 drivers
v0x55ae3bcac240_0 .net *"_s9", 0 0, L_0x55ae3bcb7220;  1 drivers
S_0x55ae3bcac320 .scope generate, "genblk2[5]" "genblk2[5]" 3 17, 3 17 0, S_0x55ae3bc6ce90;
 .timescale 0 -1;
P_0x55ae3bca9b10 .param/l "i" 0 3 17, +C4<0101>;
L_0x55ae3bcb7990 .functor AND 1, L_0x55ae3bcb7680, L_0x55ae3bcb78f0, C4<1>, C4<1>;
L_0x55ae3bcb7aa0 .functor OR 1, L_0x55ae3bcb75e0, L_0x55ae3bcb7990, C4<0>, C4<0>;
L_0x55ae3bcb81b0 .functor AND 1, L_0x55ae3bcb7e80, L_0x55ae3bcb7f20, C4<1>, C4<1>;
v0x55ae3bcac630_0 .net *"_s0", 0 0, L_0x55ae3bcb75e0;  1 drivers
v0x55ae3bcac710_0 .net *"_s1", 0 0, L_0x55ae3bcb7680;  1 drivers
v0x55ae3bcac7f0_0 .net *"_s2", 0 0, L_0x55ae3bcb78f0;  1 drivers
v0x55ae3bcac8b0_0 .net *"_s3", 0 0, L_0x55ae3bcb7990;  1 drivers
v0x55ae3bcac990_0 .net *"_s5", 0 0, L_0x55ae3bcb7aa0;  1 drivers
v0x55ae3bcacac0_0 .net *"_s7", 0 0, L_0x55ae3bcb7e80;  1 drivers
v0x55ae3bcacba0_0 .net *"_s8", 0 0, L_0x55ae3bcb7f20;  1 drivers
v0x55ae3bcacc80_0 .net *"_s9", 0 0, L_0x55ae3bcb81b0;  1 drivers
S_0x55ae3bcacd60 .scope generate, "genblk3[1]" "genblk3[1]" 3 33, 3 33 0, S_0x55ae3bc6ce90;
 .timescale 0 -1;
P_0x55ae3bcacf50 .param/l "i" 0 3 33, +C4<01>;
L_0x55ae3bcb8650 .functor XOR 1, L_0x55ae3bcb8310, L_0x55ae3bcb83b0, C4<0>, C4<0>;
v0x55ae3bcad030_0 .net *"_s0", 0 0, L_0x55ae3bcb8310;  1 drivers
v0x55ae3bcad110_0 .net *"_s1", 0 0, L_0x55ae3bcb83b0;  1 drivers
v0x55ae3bcad1f0_0 .net *"_s2", 0 0, L_0x55ae3bcb8650;  1 drivers
S_0x55ae3bcad2b0 .scope generate, "genblk3[2]" "genblk3[2]" 3 33, 3 33 0, S_0x55ae3bc6ce90;
 .timescale 0 -1;
P_0x55ae3bcad4a0 .param/l "i" 0 3 33, +C4<010>;
L_0x55ae3bcb8ab0 .functor XOR 1, L_0x55ae3bcb8760, L_0x55ae3bcb8800, C4<0>, C4<0>;
v0x55ae3bcad580_0 .net *"_s0", 0 0, L_0x55ae3bcb8760;  1 drivers
v0x55ae3bcad660_0 .net *"_s1", 0 0, L_0x55ae3bcb8800;  1 drivers
v0x55ae3bcad740_0 .net *"_s2", 0 0, L_0x55ae3bcb8ab0;  1 drivers
S_0x55ae3bcad800 .scope generate, "genblk3[3]" "genblk3[3]" 3 33, 3 33 0, S_0x55ae3bc6ce90;
 .timescale 0 -1;
P_0x55ae3bcad9f0 .param/l "i" 0 3 33, +C4<011>;
L_0x55ae3bcb8ed0 .functor XOR 1, L_0x55ae3bcb8b70, L_0x55ae3bcb8c10, C4<0>, C4<0>;
v0x55ae3bcadad0_0 .net *"_s0", 0 0, L_0x55ae3bcb8b70;  1 drivers
v0x55ae3bcadbb0_0 .net *"_s1", 0 0, L_0x55ae3bcb8c10;  1 drivers
v0x55ae3bcadc90_0 .net *"_s2", 0 0, L_0x55ae3bcb8ed0;  1 drivers
S_0x55ae3bcadd80 .scope generate, "genblk3[4]" "genblk3[4]" 3 33, 3 33 0, S_0x55ae3bc6ce90;
 .timescale 0 -1;
P_0x55ae3bcadf70 .param/l "i" 0 3 33, +C4<0100>;
L_0x55ae3bcb9350 .functor XOR 1, L_0x55ae3bcb8fe0, L_0x55ae3bcb9080, C4<0>, C4<0>;
v0x55ae3bcae050_0 .net *"_s0", 0 0, L_0x55ae3bcb8fe0;  1 drivers
v0x55ae3bcae130_0 .net *"_s1", 0 0, L_0x55ae3bcb9080;  1 drivers
v0x55ae3bcae210_0 .net *"_s2", 0 0, L_0x55ae3bcb9350;  1 drivers
S_0x55ae3bcae300 .scope generate, "genblk3[5]" "genblk3[5]" 3 33, 3 33 0, S_0x55ae3bc6ce90;
 .timescale 0 -1;
P_0x55ae3bcae4f0 .param/l "i" 0 3 33, +C4<0101>;
L_0x55ae3bcb97e0 .functor XOR 1, L_0x55ae3bcb9460, L_0x55ae3bcb9500, C4<0>, C4<0>;
v0x55ae3bcae5d0_0 .net *"_s0", 0 0, L_0x55ae3bcb9460;  1 drivers
v0x55ae3bcae6b0_0 .net *"_s1", 0 0, L_0x55ae3bcb9500;  1 drivers
v0x55ae3bcae790_0 .net *"_s2", 0 0, L_0x55ae3bcb97e0;  1 drivers
    .scope S_0x55ae3bc6cd10;
T_0 ;
    %vpi_call 2 15 "$monitor", "x=%b, y=%b, g=%b, p=%b, h=%b, s=%b", v0x55ae3bcb12e0_0, v0x55ae3bcb1380_0, v0x55ae3bcb0f60_0, v0x55ae3bcb1110_0, v0x55ae3bcb1040_0, v0x55ae3bcb1210_0 {0 0 0};
    %vpi_call 2 16 "$dumpfile", "sum.vcd" {0 0 0};
    %vpi_call 2 17 "$dumpvars", 32'sb00000000000000000000000000000000, S_0x55ae3bc6cd10 {0 0 0};
    %pushi/vec4 21, 0, 6;
    %store/vec4 v0x55ae3bcb12e0_0, 0, 6;
    %pushi/vec4 9, 0, 6;
    %store/vec4 v0x55ae3bcb1380_0, 0, 6;
    %delay 100, 0;
    %vpi_call 2 22 "$finish" {0 0 0};
    %end;
    .thread T_0;
# The file index is used to find the file name in the following table.
:file_names 4;
    "N/A";
    "<interactive>";
    "sum_tb.v";
    "./sum.v";
